<?xml version="1.0" encoding="UTF-8"?>
<testsuite xmlns:xsi="http://www.w3.org/2001/XMLSchema-instance" xsi:noNamespaceSchemaLocation="https://maven.apache.org/surefire/maven-surefire-plugin/xsd/surefire-test-report.xsd" version="3.0.2" name="com.tododev.backend.TodoApplicationTests" time="4.505" tests="1" errors="0" skipped="0" failures="0">
  <properties>
[...]
</properties>
  <testcase name="contextLoads" classname="com.tododev.backend.TodoApplicationTests" time="0.364">
    <system-out><![CDATA[2025-05-23T08:58:05.310-03:00  INFO 6604 --- [Todo] [           main] t.c.s.AnnotationConfigContextLoaderUtils : Could not detect default configuration classes for test class [com.tododev.backend.TodoApplicationTests]: TodoApplicationTests does not declare any static, non-private, non-final, nested classes annotated with @Configuration.
2025-05-23T08:58:05.321-03:00  INFO 6604 --- [Todo] [           main] .b.t.c.SpringBootTestContextBootstrapper : Found @SpringBootConfiguration com.tododev.backend.TodoApplication for test class com.tododev.backend.TodoApplicationTests

  .   ____          _            __ _ _
 /\\ / ___'_ __ _ _(_)_ __  __ _ \ \ \ \
( ( )\___ | '_ | '_| | '_ \/ _` | \ \ \ \
 \\/  ___)| |_)| | | | | || (_| |  ) ) ) )
  '  |____| .__|_| |_|_| |_\__, | / / / /
 =========|_|==============|___/=/_/_/_/

 :: Spring Boot ::                (v3.4.5)

2025-05-23T08:58:05.362-03:00  INFO 6604 --- [Todo] [           main] c.tododev.backend.TodoApplicationTests   : Starting TodoApplicationTests using Java 17.0.15 with PID 6604 (started by joaop in C:\Users\joaop\OneDrive\Área de Trabalho\FACUL\5º Período\Engenharia de Software 1\Projeto-TODO-dev\backend)
2025-05-23T08:58:05.362-03:00  INFO 6604 --- [Todo] [           main] c.tododev.backend.TodoApplicationTests   : No active profile set, falling back to 1 default profile: "default"
2025-05-23T08:58:05.709-03:00  INFO 6604 --- [Todo] [           main] .s.d.r.c.RepositoryConfigurationDelegate : Bootstrapping Spring Data JPA repositories in DEFAULT mode.
2025-05-23T08:58:05.782-03:00  INFO 6604 --- [Todo] [           main] .s.d.r.c.RepositoryConfigurationDelegate : Finished Spring Data repository scanning in 56 ms. Found 7 JPA repository interfaces.
2025-05-23T08:58:06.271-03:00  INFO 6604 --- [Todo] [           main] o.hibernate.jpa.internal.util.LogHelper  : HHH000204: Processing PersistenceUnitInfo [name: default]
2025-05-23T08:58:06.334-03:00  INFO 6604 --- [Todo] [           main] org.hibernate.Version                    : HHH000412: Hibernate ORM core version 6.6.13.Final
2025-05-23T08:58:06.376-03:00  INFO 6604 --- [Todo] [           main] o.h.c.internal.RegionFactoryInitiator    : HHH000026: Second-level cache disabled
2025-05-23T08:58:06.732-03:00  INFO 6604 --- [Todo] [           main] o.s.o.j.p.SpringPersistenceUnitInfo      : No LoadTimeWeaver setup: ignoring JPA class transformer
2025-05-23T08:58:06.773-03:00  INFO 6604 --- [Todo] [           main] com.zaxxer.hikari.HikariDataSource       : HikariPool-1 - Starting...
2025-05-23T08:58:06.921-03:00  INFO 6604 --- [Todo] [           main] com.zaxxer.hikari.pool.HikariPool        : HikariPool-1 - Added connection conn0: url=jdbc:h2:mem:tododevdb user=SA
2025-05-23T08:58:06.924-03:00  INFO 6604 --- [Todo] [           main] com.zaxxer.hikari.HikariDataSource       : HikariPool-1 - Start completed.
2025-05-23T08:58:06.943-03:00  WARN 6604 --- [Todo] [           main] org.hibernate.orm.deprecation            : HHH90000025: H2Dialect does not need to be specified explicitly using 'hibernate.dialect' (remove the property setting and it will be selected by default)
2025-05-23T08:58:06.962-03:00  INFO 6604 --- [Todo] [           main] org.hibernate.orm.connections.pooling    : HHH10001005: Database info:
	Database JDBC URL [Connecting through datasource 'HikariDataSource (HikariPool-1)']
	Database driver: undefined/unknown
	Database version: 2.3.232
	Autocommit mode: undefined/unknown
	Isolation level: undefined/unknown
	Minimum pool size: undefined/unknown
	Maximum pool size: undefined/unknown
2025-05-23T08:58:07.827-03:00  INFO 6604 --- [Todo] [           main] o.h.e.t.j.p.i.JtaPlatformInitiator       : HHH000489: No JTA platform available (set 'hibernate.transaction.jta.platform' to enable JTA platform integration)
Hibernate: create table organizacao (id bigint generated by default as identity, descricao varchar(255), nome varchar(255) not null, primary key (id))
Hibernate: create table project (id bigint generated by default as identity, creation_date timestamp(6) not null, descricao varchar(255), end_date timestamp(6), nome varchar(255) not null, status enum ('DONE','PENDING') not null, manager_id bigint not null, organizacao_id bigint not null, primary key (id))
Hibernate: create table project_user (id bigint generated by default as identity, role enum ('DEVELOPER','MANAGER','TESTER') not null, project_id bigint not null, usuario_id bigint not null, primary key (id))
Hibernate: create table project_artifact (id bigint generated by default as identity, content TEXT not null, edited_at timestamp(6) not null, type varchar(255) not null, project_id bigint not null, primary key (id))
Hibernate: create table task (id bigint generated by default as identity, creation_date timestamp(6) not null, descricao varchar(255), end_date timestamp(6), status enum ('DONE','IN_PROGRESS','PENDING') not null, time_spent bigint, titulo varchar(255) not null, manager_id bigint not null, project_id bigint not null, usuario_concluido_id bigint, usuario_em_andamento_id bigint, primary key (id))
Hibernate: create table task_artifact (id bigint generated by default as identity, content TEXT not null, edited_at timestamp(6) not null, type varchar(255) not null, task_id bigint not null, primary key (id))
Hibernate: create table usuario (id bigint generated by default as identity, apelido varchar(255) not null, email varchar(255) not null, nome varchar(255) not null, senha varchar(255) not null, primary key (id))
Hibernate: create table usuario_organizacao (usuario_id bigint not null, organizacao_id bigint not null)
Hibernate: alter table if exists organizacao drop constraint if exists UK9qlpeq0vg2j19mpcad94f72oq
Hibernate: alter table if exists organizacao add constraint UK9qlpeq0vg2j19mpcad94f72oq unique (nome)
Hibernate: alter table if exists usuario drop constraint if exists UK8v4djte0bymjdp2xj52wa0dvv
Hibernate: alter table if exists usuario add constraint UK8v4djte0bymjdp2xj52wa0dvv unique (apelido)
Hibernate: alter table if exists usuario drop constraint if exists UK5171l57faosmj8myawaucatdw
Hibernate: alter table if exists usuario add constraint UK5171l57faosmj8myawaucatdw unique (email)
Hibernate: alter table if exists project add constraint FKfig4ot05dsduofgfainoa8s3k foreign key (manager_id) references usuario
Hibernate: alter table if exists project add constraint FKmcalovb1nkslnmebj6bqy0eug foreign key (organizacao_id) references organizacao
Hibernate: alter table if exists project_user add constraint FK4ug72llnm0n7yafwntgdswl3y foreign key (project_id) references project
Hibernate: alter table if exists project_user add constraint FKh991ma23dce2x515x45mho7vy foreign key (usuario_id) references usuario
Hibernate: alter table if exists project_artifact add constraint FK9k7wopm5l950q85h3hkwdlrcs foreign key (project_id) references project
Hibernate: alter table if exists task add constraint FKcuks599mslyvqs2ei6cj2uase foreign key (manager_id) references usuario
Hibernate: alter table if exists task add constraint FKk8qrwowg31kx7hp93sru1pdqa foreign key (project_id) references project
Hibernate: alter table if exists task add constraint FK3j53crwa8f9gkv90sif632ff0 foreign key (usuario_concluido_id) references usuario
Hibernate: alter table if exists task add constraint FKng04xvyrtqut4w3ebcwsf05du foreign key (usuario_em_andamento_id) references usuario
Hibernate: alter table if exists task_artifact add constraint FK8p4dtjxgewoy99uia0pl322l3 foreign key (task_id) references task
Hibernate: alter table if exists usuario_organizacao add constraint FKa7r0nrus17ekh0rmdlvj0cehd foreign key (organizacao_id) references organizacao
Hibernate: alter table if exists usuario_organizacao add constraint FKd97dodtui5s9983easj53s7rf foreign key (usuario_id) references usuario
2025-05-23T08:58:07.906-03:00  INFO 6604 --- [Todo] [           main] j.LocalContainerEntityManagerFactoryBean : Initialized JPA EntityManagerFactory for persistence unit 'default'
2025-05-23T08:58:08.757-03:00  WARN 6604 --- [Todo] [           main] JpaBaseConfiguration$JpaWebConfiguration : spring.jpa.open-in-view is enabled by default. Therefore, database queries may be performed during view rendering. Explicitly configure spring.jpa.open-in-view to disable this warning
2025-05-23T08:58:09.325-03:00  INFO 6604 --- [Todo] [           main] o.s.b.a.h2.H2ConsoleAutoConfiguration    : H2 console available at '/h2-console'. Database available at 'jdbc:h2:mem:tododevdb'
2025-05-23T08:58:09.426-03:00  INFO 6604 --- [Todo] [           main] c.tododev.backend.TodoApplicationTests   : Started TodoApplicationTests in 4.098 seconds (process running for 6.121)
]]></system-out>
  </testcase>
</testsuite>